[debug] [2020-12-24T13:33:41.246Z] ----------------------------------------------------------------------
[debug] [2020-12-24T13:33:41.248Z] Command:       C:\Program Files\nodejs\node.exe C:\Users\furka\AppData\Roaming\npm\node_modules\firebase-tools\lib\bin\firebase.js init
[debug] [2020-12-24T13:33:41.248Z] CLI Version:   9.1.0
[debug] [2020-12-24T13:33:41.248Z] Platform:      win32
[debug] [2020-12-24T13:33:41.248Z] Node Version:  v14.15.1
[debug] [2020-12-24T13:33:41.249Z] Time:          Thu Dec 24 2020 16:33:41 GMT+0300 (GMT+03:00)
[debug] [2020-12-24T13:33:41.249Z] ----------------------------------------------------------------------
[debug] [2020-12-24T13:33:41.249Z] 
[debug] [2020-12-24T13:33:41.253Z] > command requires scopes: ["email","openid","https://www.googleapis.com/auth/cloudplatformprojects.readonly","https://www.googleapis.com/auth/firebase","https://www.googleapis.com/auth/cloud-platform"]
[debug] [2020-12-24T13:33:41.253Z] > authorizing via signed-in user
[info] 
     ######## #### ########  ######## ########     ###     ######  ########
     ##        ##  ##     ## ##       ##     ##  ##   ##  ##       ##
     ######    ##  ########  ######   ########  #########  ######  ######
     ##        ##  ##    ##  ##       ##     ## ##     ##       ## ##
     ##       #### ##     ## ######## ########  ##     ##  ######  ########

You're about to initialize a Firebase project in this directory:

  C:\Users\furka\Tetra-cube.github.io-master

[info] 
=== Project Setup
[info] 
[info] First, let's associate this project directory with a Firebase project.
[info] You can create multiple project aliases by running firebase use --add, 
[info] but for now we'll just set up a default project.
[info] 
[debug] [2020-12-24T13:34:02.616Z] >>> HTTP REQUEST GET https://firebase.googleapis.com/v1beta1/projects?pageSize=100  
 
[debug] [2020-12-24T13:34:03.198Z] <<< HTTP RESPONSE 200 {"content-type":"application/json; charset=UTF-8","vary":"X-Origin, Referer, Origin,Accept-Encoding","date":"Thu, 24 Dec 2020 13:34:03 GMT","server":"ESF","cache-control":"private","x-xss-protection":"0","x-frame-options":"SAMEORIGIN","x-content-type-options":"nosniff","alt-svc":"h3-29=\":443\"; ma=2592000,h3-T051=\":443\"; ma=2592000,h3-Q050=\":443\"; ma=2592000,h3-Q046=\":443\"; ma=2592000,h3-Q043=\":443\"; ma=2592000,quic=\":443\"; ma=2592000; v=\"46,43\"","accept-ranges":"none","transfer-encoding":"chunked"}
